# JRE version: Java(TM) SE Runtime Environment (8.0_251-b08) (build 1.8.0_251-b08)
# Java VM: Java HotSpot(TM) 64-Bit Server VM (25.251-b08 mixed mode windows-amd64 compressed oops)
Heap:
 PSYoungGen      total 76288K, used 51816K [0x000000076b000000, 0x0000000770500000, 0x00000007c0000000)
  eden space 65536K, 72% used [0x000000076b000000,0x000000076deb0050,0x000000076f000000)
  from space 10752K, 37% used [0x000000076f000000,0x000000076f3ea268,0x000000076fa80000)
  to   space 10752K, 0% used [0x000000076fa80000,0x000000076fa80000,0x0000000770500000)
 ParOldGen       total 137728K, used 12218K [0x00000006c1000000, 0x00000006c9680000, 0x000000076b000000)
  object space 137728K, 8% used [0x00000006c1000000,0x00000006c1bee908,0x00000006c9680000)
 Metaspace       used 29955K, capacity 30604K, committed 31104K, reserved 1077248K
  class space    used 3433K, capacity 3607K, committed 3712K, reserved 1048576K
GC Heap History (8 events):
Event: 1.111 GC heap before
{Heap before GC invocations=1 (full 0):
 PSYoungGen      total 76288K, used 60408K [0x000000076b000000, 0x0000000770500000, 0x00000007c0000000)
  eden space 65536K, 92% used [0x000000076b000000,0x000000076eafe0d0,0x000000076f000000)
  from space 10752K, 0% used [0x000000076fa80000,0x000000076fa80000,0x0000000770500000)
  to   space 10752K, 0% used [0x000000076f000000,0x000000076f000000,0x000000076fa80000)
 ParOldGen       total 175104K, used 0K [0x00000006c1000000, 0x00000006cbb00000, 0x000000076b000000)
  object space 175104K, 0% used [0x00000006c1000000,0x00000006c1000000,0x00000006cbb00000)
 Metaspace       used 20600K, capacity 21085K, committed 21296K, reserved 1069056K
  class space    used 2458K, capacity 2603K, committed 2688K, reserved 1048576K
Event: 1.116 GC heap after
Heap after GC invocations=1 (full 0):
 PSYoungGen      total 76288K, used 10730K [0x000000076b000000, 0x0000000770500000, 0x00000007c0000000)
  eden space 65536K, 0% used [0x000000076b000000,0x000000076b000000,0x000000076f000000)
  from space 10752K, 99% used [0x000000076f000000,0x000000076fa7ab50,0x000000076fa80000)
  to   space 10752K, 0% used [0x000000076fa80000,0x000000076fa80000,0x0000000770500000)
 ParOldGen       total 175104K, used 9913K [0x00000006c1000000, 0x00000006cbb00000, 0x000000076b000000)
  object space 175104K, 5% used [0x00000006c1000000,0x00000006c19ae420,0x00000006cbb00000)
 Metaspace       used 20600K, capacity 21085K, committed 21296K, reserved 1069056K
  class space    used 2458K, capacity 2603K, committed 2688K, reserved 1048576K
}
Event: 1.116 GC heap before
{Heap before GC invocations=2 (full 1):
 PSYoungGen      total 76288K, used 10730K [0x000000076b000000, 0x0000000770500000, 0x00000007c0000000)
  eden space 65536K, 0% used [0x000000076b000000,0x000000076b000000,0x000000076f000000)
  from space 10752K, 99% used [0x000000076f000000,0x000000076fa7ab50,0x000000076fa80000)
  to   space 10752K, 0% used [0x000000076fa80000,0x000000076fa80000,0x0000000770500000)
 ParOldGen       total 175104K, used 9913K [0x00000006c1000000, 0x00000006cbb00000, 0x000000076b000000)
  object space 175104K, 5% used [0x00000006c1000000,0x00000006c19ae420,0x00000006cbb00000)
 Metaspace       used 20600K, capacity 21085K, committed 21296K, reserved 1069056K
  class space    used 2458K, capacity 2603K, committed 2688K, reserved 1048576K
Event: 1.132 GC heap after
Heap after GC invocations=2 (full 1):
 PSYoungGen      total 76288K, used 0K [0x000000076b000000, 0x0000000770500000, 0x00000007c0000000)
  eden space 65536K, 0% used [0x000000076b000000,0x000000076b000000,0x000000076f000000)
  from space 10752K, 0% used [0x000000076f000000,0x000000076f000000,0x000000076fa80000)
  to   space 10752K, 0% used [0x000000076fa80000,0x000000076fa80000,0x0000000770500000)
 ParOldGen       total 137728K, used 12202K [0x00000006c1000000, 0x00000006c9680000, 0x000000076b000000)
  object space 137728K, 8% used [0x00000006c1000000,0x00000006c1bea908,0x00000006c9680000)
 Metaspace       used 20600K, capacity 21085K, committed 21296K, reserved 1069056K
  class space    used 2458K, capacity 2603K, committed 2688K, reserved 1048576K
}
Event: 2.065 GC heap before
{Heap before GC invocations=3 (full 1):
 PSYoungGen      total 76288K, used 65536K [0x000000076b000000, 0x0000000770500000, 0x00000007c0000000)
  eden space 65536K, 100% used [0x000000076b000000,0x000000076f000000,0x000000076f000000)
  from space 10752K, 0% used [0x000000076f000000,0x000000076f000000,0x000000076fa80000)
  to   space 10752K, 0% used [0x000000076fa80000,0x000000076fa80000,0x0000000770500000)
 ParOldGen       total 137728K, used 12202K [0x00000006c1000000, 0x00000006c9680000, 0x000000076b000000)
  object space 137728K, 8% used [0x00000006c1000000,0x00000006c1bea908,0x00000006c9680000)
 Metaspace       used 27731K, capacity 28368K, committed 28672K, reserved 1075200K
  class space    used 3315K, capacity 3471K, committed 3584K, reserved 1048576K
Event: 2.068 GC heap after
Heap after GC invocations=3 (full 1):
 PSYoungGen      total 76288K, used 5953K [0x000000076b000000, 0x0000000771300000, 0x00000007c0000000)
  eden space 65536K, 0% used [0x000000076b000000,0x000000076b000000,0x000000076f000000)
  from space 10752K, 55% used [0x000000076fa80000,0x0000000770050678,0x0000000770500000)
  to   space 10752K, 0% used [0x000000076f000000,0x000000076f000000,0x000000076fa80000)
 ParOldGen       total 137728K, used 12210K [0x00000006c1000000, 0x00000006c9680000, 0x000000076b000000)
  object space 137728K, 8% used [0x00000006c1000000,0x00000006c1bec908,0x00000006c9680000)
 Metaspace       used 27731K, capacity 28368K, committed 28672K, reserved 1075200K
  class space    used 3315K, capacity 3471K, committed 3584K, reserved 1048576K
}
Event: 101.595 GC heap before
{Heap before GC invocations=4 (full 1):
 PSYoungGen      total 76288K, used 71489K [0x000000076b000000, 0x0000000771300000, 0x00000007c0000000)
  eden space 65536K, 100% used [0x000000076b000000,0x000000076f000000,0x000000076f000000)
  from space 10752K, 55% used [0x000000076fa80000,0x0000000770050678,0x0000000770500000)
  to   space 10752K, 0% used [0x000000076f000000,0x000000076f000000,0x000000076fa80000)
 ParOldGen       total 137728K, used 12210K [0x00000006c1000000, 0x00000006c9680000, 0x000000076b000000)
  object space 137728K, 8% used [0x00000006c1000000,0x00000006c1bec908,0x00000006c9680000)
 Metaspace       used 29025K, capacity 29636K, committed 29952K, reserved 1075200K
  class space    used 3340K, capacity 3505K, committed 3584K, reserved 1048576K
Event: 101.597 GC heap after
Heap after GC invocations=4 (full 1):
 PSYoungGen      total 76288K, used 4008K [0x000000076b000000, 0x0000000770500000, 0x00000007c0000000)
  eden space 65536K, 0% used [0x000000076b000000,0x000000076b000000,0x000000076f000000)
  from space 10752K, 37% used [0x000000076f000000,0x000000076f3ea268,0x000000076fa80000)
  to   space 10752K, 0% used [0x000000076fa80000,0x000000076fa80000,0x0000000770500000)
 ParOldGen       total 137728K, used 12218K [0x00000006c1000000, 0x00000006c9680000, 0x000000076b000000)
  object space 137728K, 8% used [0x00000006c1000000,0x00000006c1bee908,0x00000006c9680000)
 Metaspace       used 29025K, capacity 29636K, committed 29952K, reserved 1075200K
  class space    used 3340K, capacity 3505K, committed 3584K, reserved 1048576K
}

